<?xml version="1.0" encoding="UTF-8"?>
<!-- Generated by org.testng.reporters.JUnitReportReporter -->
<testsuite skipped="0" hostname="Abdullah-Obaid" name="test.AddCustomerTest" tests="1" failures="0" timestamp="2022-04-11T23:53:04 CDT" time="12.051" errors="0">
  <testcase name="validUserShouldBeAbleToCreateCustomer" time="12.051" classname="test.AddCustomerTest"/>
  <system-out/>
</testsuite> <!-- test.AddCustomerTest -->
